# JRE version: Java(TM) SE Runtime Environment (8.0_101-b13) (build 1.8.0_101-b13)
# Java VM: Java HotSpot(TM) 64-Bit Server VM (25.101-b13 mixed mode bsd-amd64 compressed oops)
Heap:
 PSYoungGen      total 398336K, used 13791K [0x000000076ab00000, 0x0000000785e80000, 0x00000007c0000000)
  eden space 369152K, 3% used [0x000000076ab00000,0x000000076b877dc8,0x0000000781380000)
  from space 29184K, 0% used [0x0000000783600000,0x0000000783600000,0x0000000785280000)
  to   space 35328K, 0% used [0x0000000781380000,0x0000000781380000,0x0000000783600000)
 ParOldGen       total 132096K, used 46863K [0x00000006c0000000, 0x00000006c8100000, 0x000000076ab00000)
  object space 132096K, 35% used [0x00000006c0000000,0x00000006c2dc3e68,0x00000006c8100000)
 Metaspace       used 32823K, capacity 33644K, committed 35248K, reserved 1081344K
  class space    used 3786K, capacity 4091K, committed 4272K, reserved 1048576K
GC Heap History (10 events):
Event: 3.866 GC heap before
{Heap before GC invocations=6 (full 0):
 PSYoungGen      total 141824K, used 39590K [0x000000076ab00000, 0x000000077d700000, 0x00000007c0000000)
  eden space 131072K, 22% used [0x000000076ab00000,0x000000076c72c668,0x0000000772b00000)
  from space 10752K, 99% used [0x0000000772b00000,0x000000077357d290,0x0000000773580000)
  to   space 22528K, 0% used [0x000000077c100000,0x000000077c100000,0x000000077d700000)
 ParOldGen       total 175104K, used 13700K [0x00000006c0000000, 0x00000006cab00000, 0x000000076ab00000)
  object space 175104K, 7% used [0x00000006c0000000,0x00000006c0d613b0,0x00000006cab00000)
 Metaspace       used 20809K, capacity 21222K, committed 21296K, reserved 1069056K
  class space    used 2443K, capacity 2593K, committed 2608K, reserved 1048576K
Event: 3.878 GC heap after
Heap after GC invocations=6 (full 0):
 PSYoungGen      total 281600K, used 11509K [0x000000076ab00000, 0x000000077d400000, 0x00000007c0000000)
  eden space 262144K, 0% used [0x000000076ab00000,0x000000076ab00000,0x000000077ab00000)
  from space 19456K, 59% used [0x000000077c100000,0x000000077cc3d480,0x000000077d400000)
  to   space 20992K, 0% used [0x000000077ab00000,0x000000077ab00000,0x000000077bf80000)
 ParOldGen       total 175104K, used 13708K [0x00000006c0000000, 0x00000006cab00000, 0x000000076ab00000)
  object space 175104K, 7% used [0x00000006c0000000,0x00000006c0d633b0,0x00000006cab00000)
 Metaspace       used 20809K, capacity 21222K, committed 21296K, reserved 1069056K
  class space    used 2443K, capacity 2593K, committed 2608K, reserved 1048576K
}
Event: 3.878 GC heap before
{Heap before GC invocations=7 (full 1):
 PSYoungGen      total 281600K, used 11509K [0x000000076ab00000, 0x000000077d400000, 0x00000007c0000000)
  eden space 262144K, 0% used [0x000000076ab00000,0x000000076ab00000,0x000000077ab00000)
  from space 19456K, 59% used [0x000000077c100000,0x000000077cc3d480,0x000000077d400000)
  to   space 20992K, 0% used [0x000000077ab00000,0x000000077ab00000,0x000000077bf80000)
 ParOldGen       total 175104K, used 13708K [0x00000006c0000000, 0x00000006cab00000, 0x000000076ab00000)
  object space 175104K, 7% used [0x00000006c0000000,0x00000006c0d633b0,0x00000006cab00000)
 Metaspace       used 20809K, capacity 21222K, committed 21296K, reserved 1069056K
  class space    used 2443K, capacity 2593K, committed 2608K, reserved 1048576K
Event: 3.982 GC heap after
Heap after GC invocations=7 (full 1):
 PSYoungGen      total 281600K, used 0K [0x000000076ab00000, 0x000000077d400000, 0x00000007c0000000)
  eden space 262144K, 0% used [0x000000076ab00000,0x000000076ab00000,0x000000077ab00000)
  from space 19456K, 0% used [0x000000077c100000,0x000000077c100000,0x000000077d400000)
  to   space 20992K, 0% used [0x000000077ab00000,0x000000077ab00000,0x000000077bf80000)
 ParOldGen       total 132096K, used 22609K [0x00000006c0000000, 0x00000006c8100000, 0x000000076ab00000)
  object space 132096K, 17% used [0x00000006c0000000,0x00000006c16146f0,0x00000006c8100000)
 Metaspace       used 20809K, capacity 21222K, committed 21296K, reserved 1069056K
  class space    used 2443K, capacity 2593K, committed 2608K, reserved 1048576K
}
Event: 6.204 GC heap before
{Heap before GC invocations=8 (full 1):
 PSYoungGen      total 281600K, used 262144K [0x000000076ab00000, 0x000000077d400000, 0x00000007c0000000)
  eden space 262144K, 100% used [0x000000076ab00000,0x000000077ab00000,0x000000077ab00000)
  from space 19456K, 0% used [0x000000077c100000,0x000000077c100000,0x000000077d400000)
  to   space 20992K, 0% used [0x000000077ab00000,0x000000077ab00000,0x000000077bf80000)
 ParOldGen       total 132096K, used 22609K [0x00000006c0000000, 0x00000006c8100000, 0x000000076ab00000)
  object space 132096K, 17% used [0x00000006c0000000,0x00000006c16146f0,0x00000006c8100000)
 Metaspace       used 27075K, capacity 27748K, committed 27824K, reserved 1073152K
  class space    used 3071K, capacity 3234K, committed 3248K, reserved 1048576K
Event: 6.229 GC heap after
Heap after GC invocations=8 (full 1):
 PSYoungGen      total 283136K, used 20967K [0x000000076ab00000, 0x0000000785280000, 0x00000007c0000000)
  eden space 262144K, 0% used [0x000000076ab00000,0x000000076ab00000,0x000000077ab00000)
  from space 20992K, 99% used [0x000000077ab00000,0x000000077bf79fa8,0x000000077bf80000)
  to   space 29184K, 0% used [0x0000000783600000,0x0000000783600000,0x0000000785280000)
 ParOldGen       total 132096K, used 32129K [0x00000006c0000000, 0x00000006c8100000, 0x000000076ab00000)
  object space 132096K, 24% used [0x00000006c0000000,0x00000006c1f607e8,0x00000006c8100000)
 Metaspace       used 27075K, capacity 27748K, committed 27824K, reserved 1073152K
  class space    used 3071K, capacity 3234K, committed 3248K, reserved 1048576K
}
Event: 9.524 GC heap before
{Heap before GC invocations=9 (full 1):
 PSYoungGen      total 283136K, used 269932K [0x000000076ab00000, 0x0000000785280000, 0x00000007c0000000)
  eden space 262144K, 94% used [0x000000076ab00000,0x0000000779e212f0,0x000000077ab00000)
  from space 20992K, 99% used [0x000000077ab00000,0x000000077bf79fa8,0x000000077bf80000)
  to   space 29184K, 0% used [0x0000000783600000,0x0000000783600000,0x0000000785280000)
 ParOldGen       total 132096K, used 32129K [0x00000006c0000000, 0x00000006c8100000, 0x000000076ab00000)
  object space 132096K, 24% used [0x00000006c0000000,0x00000006c1f607e8,0x00000006c8100000)
 Metaspace       used 34185K, capacity 35070K, committed 35248K, reserved 1081344K
  class space    used 3959K, capacity 4268K, committed 4272K, reserved 1048576K
Event: 9.549 GC heap after
Heap after GC invocations=9 (full 1):
 PSYoungGen      total 398336K, used 29174K [0x000000076ab00000, 0x0000000785e80000, 0x00000007c0000000)
  eden space 369152K, 0% used [0x000000076ab00000,0x000000076ab00000,0x0000000781380000)
  from space 29184K, 99% used [0x0000000783600000,0x000000078527d910,0x0000000785280000)
  to   space 35328K, 0% used [0x0000000781380000,0x0000000781380000,0x0000000783600000)
 ParOldGen       total 132096K, used 35674K [0x00000006c0000000, 0x00000006c8100000, 0x000000076ab00000)
  object space 132096K, 27% used [0x00000006c0000000,0x00000006c22d68e8,0x00000006c8100000)
 Metaspace       used 34185K, capacity 35070K, committed 35248K, reserved 1081344K
  class space    used 3959K, capacity 4268K, committed 4272K, reserved 1048576K
}
Event: 9.549 GC heap before
{Heap before GC invocations=10 (full 2):
 PSYoungGen      total 398336K, used 29174K [0x000000076ab00000, 0x0000000785e80000, 0x00000007c0000000)
  eden space 369152K, 0% used [0x000000076ab00000,0x000000076ab00000,0x0000000781380000)
  from space 29184K, 99% used [0x0000000783600000,0x000000078527d910,0x0000000785280000)
  to   space 35328K, 0% used [0x0000000781380000,0x0000000781380000,0x0000000783600000)
 ParOldGen       total 132096K, used 35674K [0x00000006c0000000, 0x00000006c8100000, 0x000000076ab00000)
  object space 132096K, 27% used [0x00000006c0000000,0x00000006c22d68e8,0x00000006c8100000)
 Metaspace       used 34185K, capacity 35070K, committed 35248K, reserved 1081344K
  class space    used 3959K, capacity 4268K, committed 4272K, reserved 1048576K
Event: 9.809 GC heap after
Heap after GC invocations=10 (full 2):
 PSYoungGen      total 398336K, used 0K [0x000000076ab00000, 0x0000000785e80000, 0x00000007c0000000)
  eden space 369152K, 0% used [0x000000076ab00000,0x000000076ab00000,0x0000000781380000)
  from space 29184K, 0% used [0x0000000783600000,0x0000000783600000,0x0000000785280000)
  to   space 35328K, 0% used [0x0000000781380000,0x0000000781380000,0x0000000783600000)
 ParOldGen       total 132096K, used 46863K [0x00000006c0000000, 0x00000006c8100000, 0x000000076ab00000)
  object space 132096K, 35% used [0x00000006c0000000,0x00000006c2dc3e68,0x00000006c8100000)
 Metaspace       used 32817K, capacity 33644K, committed 35248K, reserved 1081344K
  class space    used 3786K, capacity 4091K, committed 4272K, reserved 1048576K
}

